<?xml version="1.0" encoding="UTF-8"?>
<coverage generated="1602870373620" clover="3.2.0">
  <project timestamp="1602870373620" name="All files">
    <metrics statements="3" coveredstatements="3" conditionals="0" coveredconditionals="0" methods="3" coveredmethods="3" elements="6" coveredelements="6" complexity="0" loc="3" ncloc="3" packages="1" files="2" classes="2"/>
    <file name="Counter.js" path="/Users/GQSM/Documents/Code/react-feat-typescript-book-example/Ch05-1/src/utils/Counter.js">
      <metrics statements="2" coveredstatements="2" conditionals="0" coveredconditionals="0" methods="2" coveredmethods="2"/>
      <line num="5" count="2" type="stmt"/>
      <line num="9" count="1" type="stmt"/>
    </file>
    <file name="math.js" path="/Users/GQSM/Documents/Code/react-feat-typescript-book-example/Ch05-1/src/utils/math.js">
      <metrics statements="1" coveredstatements="1" conditionals="0" coveredconditionals="0" methods="1" coveredmethods="1"/>
      <line num="1" count="2" type="stmt"/>
    </file>
  </project>
</coverage>
