{"/Users/GQSM/Documents/Code/react-feat-typescript-book-example/Ch05-1/src/utils/Counter.js": {"path":"/Users/GQSM/Documents/Code/react-feat-typescript-book-example/Ch05-1/src/utils/Counter.js","statementMap":{"0":{"start":{"line":5,"column":4},"end":{"line":5,"column":19}},"1":{"start":{"line":9,"column":4},"end":{"line":9,"column":46}}},"fnMap":{"0":{"name":"(anonymous_0)","decl":{"start":{"line":4,"column":2},"end":{"line":4,"column":3}},"loc":{"start":{"line":4,"column":16},"end":{"line":6,"column":3}},"line":4},"1":{"name":"(anonymous_1)","decl":{"start":{"line":8,"column":2},"end":{"line":8,"column":3}},"loc":{"start":{"line":8,"column":14},"end":{"line":10,"column":3}},"line":8}},"branchMap":{},"s":{"0":2,"1":1},"f":{"0":2,"1":1},"b":{},"_coverageSchema":"1a1c01bbd47fc00a2c39e90264f33305004495a9","hash":"1e811ea3812f1bedccd5c1e68fcc4ec1dd66ea68"}
,"/Users/GQSM/Documents/Code/react-feat-typescript-book-example/Ch05-1/src/utils/math.js": {"path":"/Users/GQSM/Documents/Code/react-feat-typescript-book-example/Ch05-1/src/utils/math.js","statementMap":{"0":{"start":{"line":1,"column":29},"end":{"line":1,"column":37}}},"fnMap":{"0":{"name":"(anonymous_0)","decl":{"start":{"line":1,"column":29},"end":{"line":1,"column":30}},"loc":{"start":{"line":1,"column":35},"end":{"line":1,"column":37}},"line":1}},"branchMap":{},"s":{"0":2},"f":{"0":1},"b":{},"_coverageSchema":"1a1c01bbd47fc00a2c39e90264f33305004495a9","hash":"814e6e31e32ab8fcf7e589385ed051ea411abdb0"}
}
